<?xml version="1.0" encoding="UTF-8"?>
<!-- Generated by org.testng.reporters.JUnitReportReporter -->
<testsuite hostname="3901C502923L" name="MavenJavasecond.MavenSecond.AppTest" tests="1" failures="0" timestamp="2 Apr 2019 05:21:14 GMT" time="0.001" errors="0">
  <testcase name="testApp" time="0.001" classname="MavenJavasecond.MavenSecond.AppTest"/>
</testsuite> <!-- MavenJavasecond.MavenSecond.AppTest -->
